#
# There is insufficient memory for the Java Runtime Environment to continue.
# Native memory allocation (malloc) failed to allocate 1293376 bytes for Chunk::new
# Possible reasons:
#   The system is out of physical RAM or swap space
#   The process is running with CompressedOops enabled, and the Java Heap may be blocking the growth of the native heap
# Possible solutions:
#   Reduce memory load on the system
#   Increase physical memory or swap space
#   Check if swap backing store is full
#   Decrease Java heap size (-Xmx/-Xms)
#   Decrease number of Java threads
#   Decrease Java thread stack sizes (-Xss)
#   Set larger code cache with -XX:ReservedCodeCacheSize=
#   JVM is running with Unscaled Compressed Oops mode in which the Java heap is
#     placed in the first 4GB address space. The Java Heap base address is the
#     maximum limit for the native heap growth. Please use -XX:HeapBaseMinAddress
#     to set the Java Heap base and to place the Java Heap above 4GB virtual address.
# This output file may be truncated or incomplete.
#
#  Out of Memory Error (allocation.cpp:389), pid=16092, tid=0x000000000000578c
#
# JRE version: OpenJDK Runtime Environment (8.0_212-b04) (build 1.8.0_212-release-1586-b04)
# Java VM: OpenJDK 64-Bit Server VM (25.212-b04 mixed mode windows-amd64 compressed oops)
# Failed to write core dump. Minidumps are not enabled by default on client versions of Windows
#

---------------  T H R E A D  ---------------

Current thread (0x00000000186f9800):  JavaThread "C2 CompilerThread0" daemon [_thread_in_native, id=22412, stack(0x0000000019d80000,0x0000000019e80000)]

Stack: [0x0000000019d80000,0x0000000019e80000]
[error occurred during error reporting (printing stack bounds), id 0xc0000005]

Native frames: (J=compiled Java code, j=interpreted, Vv=VM code, C=native code)


Current CompileTask:
C2: 256215 17278 %     4       com.android.tools.r8.ir.regalloc.LinearScanRegisterAllocator::a @ 33 (572 bytes)


---------------  P R O C E S S  ---------------

Java Threads: ( => current thread )
  0x000000001e4ff000 JavaThread "WorkerExecutor Queue Thread 14" [_thread_blocked, id=22604, stack(0x000000002f210000,0x000000002f310000)]
  0x000000001e500000 JavaThread "WorkerExecutor Queue Thread 13" [_thread_blocked, id=19420, stack(0x000000002edc0000,0x000000002eec0000)]
  0x000000001e501800 JavaThread "WorkerExecutor Queue Thread 12" [_thread_blocked, id=4788, stack(0x000000002ecc0000,0x000000002edc0000)]
  0x000000001e500800 JavaThread "WorkerExecutor Queue Thread 11" [_thread_blocked, id=16468, stack(0x000000002ebc0000,0x000000002ecc0000)]
  0x000000001e4f7800 JavaThread "WorkerExecutor Queue Thread 10" [_thread_blocked, id=6192, stack(0x000000002eac0000,0x000000002ebc0000)]
  0x000000001e4fe800 JavaThread "WorkerExecutor Queue Thread 9" [_thread_blocked, id=9948, stack(0x000000002e9c0000,0x000000002eac0000)]
  0x000000001e4fd800 JavaThread "WorkerExecutor Queue Thread 8" [_thread_blocked, id=2648, stack(0x000000002e8c0000,0x000000002e9c0000)]
  0x000000001e4f6000 JavaThread "WorkerExecutor Queue Thread 7" [_thread_blocked, id=16152, stack(0x000000002e7c0000,0x000000002e8c0000)]
  0x000000001e4fc800 JavaThread "WorkerExecutor Queue Thread 6" [_thread_blocked, id=25820, stack(0x000000001dca0000,0x000000001dda0000)]
  0x000000001e4fa800 JavaThread "WorkerExecutor Queue Thread 5" [_thread_blocked, id=20140, stack(0x00000000013d0000,0x00000000014d0000)]
  0x000000001e4fc000 JavaThread "WorkerExecutor Queue Thread 4" [_thread_blocked, id=25836, stack(0x00000000012d0000,0x00000000013d0000)]
  0x000000001e4fb000 JavaThread "WorkerExecutor Queue Thread 3" [_thread_blocked, id=19156, stack(0x00000000011d0000,0x00000000012d0000)]
  0x000000001e4f9800 JavaThread "stdout" [_thread_in_native, id=15396, stack(0x00000000286e0000,0x00000000287e0000)]
  0x000000001e55f000 JavaThread "stderr" [_thread_in_native, id=18636, stack(0x00000000285e0000,0x00000000286e0000)]
  0x000000001e565000 JavaThread "pool-2-thread-1" [_thread_blocked, id=22104, stack(0x00000000282e0000,0x00000000283e0000)]
  0x000000001e560000 JavaThread "WorkerExecutor Queue Thread 2" [_thread_blocked, id=26044, stack(0x00000000281e0000,0x00000000282e0000)]
  0x000000001e563000 JavaThread "Cache worker for execution history cache (E:\GO\Driver\.gradle\5.6.4\executionHistory)" [_thread_blocked, id=22144, stack(0x0000000027de0000,0x0000000027ee0000)]
  0x000000001e558000 JavaThread "Execution worker for ':' Thread 11" [_thread_blocked, id=8008, stack(0x0000000027ae0000,0x0000000027be0000)]
  0x000000001e557800 JavaThread "Execution worker for ':' Thread 10" [_thread_blocked, id=18900, stack(0x00000000279e0000,0x0000000027ae0000)]
  0x000000001e55e800 JavaThread "Execution worker for ':' Thread 9" [_thread_blocked, id=15252, stack(0x00000000278e0000,0x00000000279e0000)]
  0x000000001e55b800 JavaThread "Execution worker for ':' Thread 8" [_thread_blocked, id=17056, stack(0x00000000277e0000,0x00000000278e0000)]
  0x000000001e55a800 JavaThread "Execution worker for ':' Thread 7" [_thread_blocked, id=13168, stack(0x00000000276e0000,0x00000000277e0000)]
  0x000000001e55d000 JavaThread "Execution worker for ':' Thread 6" [_thread_blocked, id=17540, stack(0x00000000275e0000,0x00000000276e0000)]
  0x000000001e556800 JavaThread "Execution worker for ':' Thread 5" [_thread_blocked, id=12104, stack(0x00000000274e0000,0x00000000275e0000)]
  0x000000001e55d800 JavaThread "Execution worker for ':' Thread 4" [_thread_blocked, id=9844, stack(0x00000000273e0000,0x00000000274e0000)]
  0x000000001e55c000 JavaThread "Execution worker for ':' Thread 3" [_thread_blocked, id=24944, stack(0x00000000272e0000,0x00000000273e0000)]
  0x000000001e559000 JavaThread "Execution worker for ':' Thread 2" [_thread_blocked, id=18160, stack(0x00000000271e0000,0x00000000272e0000)]
  0x000000001e559800 JavaThread "Execution worker for ':'" [_thread_blocked, id=26064, stack(0x00000000270e0000,0x00000000271e0000)]
  0x0000000021981800 JavaThread "Cache worker for file content cache (E:\GO\Driver\.gradle\5.6.4\fileContent)" [_thread_blocked, id=15812, stack(0x0000000026be0000,0x0000000026ce0000)]
  0x0000000021982000 JavaThread "Cache worker for file content cache (C:\Users\Rizve\.gradle\caches\5.6.4\fileContent)" [_thread_blocked, id=19916, stack(0x0000000026ae0000,0x0000000026be0000)]
  0x000000002197d000 JavaThread "Memory manager" [_thread_blocked, id=14676, stack(0x00000000267e0000,0x00000000268e0000)]
  0x000000002197f000 JavaThread "Cache worker for Build Output Cleanup Cache (E:\GO\Driver\.gradle\buildOutputCleanup)" [_thread_blocked, id=15952, stack(0x0000000024b50000,0x0000000024c50000)]
  0x0000000021983800 JavaThread "pool-1-thread-1" [_thread_blocked, id=20464, stack(0x0000000024d10000,0x0000000024e10000)]
  0x0000000021980800 JavaThread "Build operations Thread 12" [_thread_blocked, id=9232, stack(0x0000000024450000,0x0000000024550000)]
  0x0000000021983000 JavaThread "Build operations Thread 11" [_thread_blocked, id=22332, stack(0x0000000024350000,0x0000000024450000)]
  0x000000002197e800 JavaThread "Build operations Thread 10" [_thread_blocked, id=1644, stack(0x0000000024250000,0x0000000024350000)]
  0x0000000021974800 JavaThread "Build operations Thread 9" [_thread_blocked, id=18608, stack(0x0000000024150000,0x0000000024250000)]
  0x000000002197a800 JavaThread "Build operations Thread 8" [_thread_blocked, id=14920, stack(0x0000000023e20000,0x0000000023f20000)]
  0x0000000021977800 JavaThread "Build operations Thread 7" [_thread_blocked, id=24168, stack(0x0000000023d20000,0x0000000023e20000)]
  0x0000000021979000 JavaThread "Build operations Thread 6" [_thread_blocked, id=6028, stack(0x0000000023c20000,0x0000000023d20000)]
  0x0000000021976000 JavaThread "Build operations Thread 5" [_thread_blocked, id=11976, stack(0x0000000023b20000,0x0000000023c20000)]
  0x0000000021978800 JavaThread "Build operations Thread 4" [_thread_blocked, id=25068, stack(0x0000000023a20000,0x0000000023b20000)]
  0x000000002197a000 JavaThread "Build operations Thread 3" [_thread_blocked, id=4216, stack(0x0000000023920000,0x0000000023a20000)]
  0x0000000021975800 JavaThread "Build operations Thread 2" [_thread_blocked, id=21104, stack(0x0000000023820000,0x0000000023920000)]
  0x000000002197b800 JavaThread "Build operations" [_thread_blocked, id=11360, stack(0x0000000022610000,0x0000000022710000)]
  0x0000000021977000 JavaThread "Cache worker for execution history cache (C:\Users\Rizve\.gradle\caches\5.6.4\executionHistory)" [_thread_blocked, id=18992, stack(0x0000000022750000,0x0000000022850000)]
  0x000000001c0a5000 JavaThread "Cache worker for cache directory md-rule (C:\Users\Rizve\.gradle\caches\5.6.4\md-rule)" [_thread_blocked, id=15712, stack(0x0000000020c70000,0x0000000020d70000)]
  0x000000001c0ac000 JavaThread "Cache worker for cache directory md-supplier (C:\Users\Rizve\.gradle\caches\5.6.4\md-supplier)" [_thread_blocked, id=17188, stack(0x00000000208d0000,0x00000000209d0000)]
  0x000000001c0a8800 JavaThread "Cache worker for file hash cache (E:\GO\Driver\.gradle\5.6.4\fileHashes)" [_thread_blocked, id=6628, stack(0x00000000205d0000,0x00000000206d0000)]
  0x000000001c0a6000 JavaThread "Cache worker for journal cache (C:\Users\Rizve\.gradle\caches\journal-1)" [_thread_blocked, id=1192, stack(0x000000001e2a0000,0x000000001e3a0000)]
  0x000000001c0a7800 JavaThread "File lock request listener" [_thread_in_native, id=1448, stack(0x000000001e1a0000,0x000000001e2a0000)]
  0x000000001c0a7000 JavaThread "Cache worker for file hash cache (C:\Users\Rizve\.gradle\caches\5.6.4\fileHashes)" [_thread_blocked, id=22984, stack(0x000000001e0a0000,0x000000001e1a0000)]
  0x000000001c08f800 JavaThread "Thread-9" [_thread_blocked, id=24016, stack(0x000000001dda0000,0x000000001dea0000)]
  0x000000001c008000 JavaThread "Asynchronous log dispatcher for DefaultDaemonConnection: socket connection from /127.0.0.1:63016 to /127.0.0.1:63017" [_thread_blocked, id=2644, stack(0x000000001dba0000,0x000000001dca0000)]
  0x000000001c086800 JavaThread "Daemon worker" [_thread_blocked, id=19460, stack(0x000000001daa0000,0x000000001dba0000)]
  0x000000001c086000 JavaThread "Cancel handler" [_thread_blocked, id=17444, stack(0x000000001d8a0000,0x000000001d9a0000)]
  0x000000001bf5a800 JavaThread "Handler for socket connection from /127.0.0.1:63016 to /127.0.0.1:63017" [_thread_in_native, id=18180, stack(0x000000001d5a0000,0x000000001d6a0000)]
  0x000000001bf51000 JavaThread "Daemon" [_thread_blocked, id=8416, stack(0x000000001d4a0000,0x000000001d5a0000)]
  0x000000001bfd0800 JavaThread "Daemon periodic checks" [_thread_blocked, id=14792, stack(0x000000001d3a0000,0x000000001d4a0000)]
  0x000000001bf34800 JavaThread "Incoming local TCP Connector on port 63016" [_thread_in_native, id=11216, stack(0x000000001d160000,0x000000001d260000)]
  0x000000001a479800 JavaThread "Daemon health stats" [_thread_blocked, id=18912, stack(0x000000001cb20000,0x000000001cc20000)]
  0x000000001878d800 JavaThread "Service Thread" daemon [_thread_blocked, id=11160, stack(0x000000001a180000,0x000000001a280000)]
  0x000000001870f000 JavaThread "C1 CompilerThread3" daemon [_thread_blocked, id=5060, stack(0x000000001a080000,0x000000001a180000)]
  0x000000001870d000 JavaThread "C2 CompilerThread2" daemon [_thread_blocked, id=21752, stack(0x0000000019f80000,0x000000001a080000)]
  0x0000000018700800 JavaThread "C2 CompilerThread1" daemon [_thread_blocked, id=23856, stack(0x0000000019e80000,0x0000000019f80000)]
=>0x00000000186f9800 JavaThread "C2 CompilerThread0" daemon [_thread_in_native, id=22412, stack(0x0000000019d80000,0x0000000019e80000)]
  0x0000000018706000 JavaThread "Attach Listener" daemon [_thread_blocked, id=20936, stack(0x0000000019c80000,0x0000000019d80000)]
  0x0000000018704800 JavaThread "Signal Dispatcher" daemon [_thread_blocked, id=8260, stack(0x0000000019b80000,0x0000000019c80000)]
  0x000000000302a000 JavaThread "Finalizer" daemon [_thread_blocked, id=8252, stack(0x0000000019970000,0x0000000019a70000)]
  0x000000001700c800 JavaThread "Reference Handler" daemon [_thread_blocked, id=6468, stack(0x0000000019870000,0x0000000019970000)]
  0x0000000002dae800 JavaThread "main" [_thread_blocked, id=18824, stack(0x0000000002e30000,0x0000000002f30000)]

Other Threads:
  0x0000000017005800 VMThread [stack: 0x0000000019770000,0x0000000019870000] [id=12800]
  0x0000000018748800 WatcherThread [stack: 0x000000001a280000,0x000000001a380000] [id=13652]

VM state:at safepoint (normal execution)

VM Mutex/Monitor currently owned by a thread:  ([mutex/lock_event])
[0x0000000002dad7a0] Threads_lock - owner thread: 0x0000000017005800
[0x0000000002dad320] Heap_lock - owner thread: 0x000000001e4fa800

heap address: 0x00000000a0000000, size: 1536 MB, Compressed Oops mode: 32-bit
Narrow klass base: 0x0000000000000000, Narrow klass shift: 3
Compressed class space size: 1073741824 Address: 0x0000000100000000

Heap:
 PSYoungGen      total 482816K, used 462462K [0x00000000e0000000, 0x00000000ffb80000, 0x0000000100000000)
  eden space 452096K, 100% used [0x00000000e0000000,0x00000000fb980000,0x00000000fb980000)
  from space 30720K, 33% used [0x00000000fdd80000,0x00000000fe79fb50,0x00000000ffb80000)
  to   space 33792K, 41% used [0x00000000fb980000,0x00000000fc717168,0x00000000fda80000)
 ParOldGen       total 292352K, used 226902K [0x00000000a0000000, 0x00000000b1d80000, 0x00000000e0000000)
  object space 292352K, 77% used [0x00000000a0000000,0x00000000add95878,0x00000000b1d80000)
 Metaspace       used 76265K, capacity 79660K, committed 81664K, reserved 1120256K
  class space    used 10209K, capacity 10972K, committed 11520K, reserved 1048576K

Card table byte_map: [0x00000000123f0000,0x0000000012700000] byte_map_base: 0x0000000011ef0000

Marking Bits: (ParMarkBitMap*) 0x0000000051a99f30
 Begin Bits: [0x0000000013300000, 0x0000000014b00000)
 End Bits:   [0x0000000014b00000, 0x0000000016300000)

Polling page: 0x0000000002d70000

CodeCache: size=245760Kb used=49863Kb max_used=50043Kb free=195896Kb
 bounds [0x0000000003030000, 0x0000000006240000, 0x0000000012030000]
 total_blobs=14059 nmethods=13217 adapters=749
 compilation: enabled

Compilation events (10 events):
Event: 255.902 Thread 0x0000000018700800 nmethod 17300 0x0000000005429550 code [0x00000000054296e0, 0x0000000005429ab8]
Event: 255.902 Thread 0x0000000018700800 17297       4       com.android.tools.r8.u.b.a0::a (21 bytes)
Event: 255.905 Thread 0x000000001870f000 17301       3       java.util.HashMap$TreeNode::tieBreakOrder (49 bytes)
Event: 255.909 Thread 0x000000001870f000 nmethod 17301 0x00000000058145d0 code [0x00000000058147a0, 0x0000000005814f48]
Event: 255.915 Thread 0x0000000018700800 nmethod 17297 0x000000000545eb90 code [0x000000000545ece0, 0x000000000545edc8]
Event: 255.915 Thread 0x0000000018700800 17302       4       com.android.tools.r8.u.b.t0::a (128 bytes)
Event: 255.948 Thread 0x0000000018700800 nmethod 17302 0x0000000004e2dd90 code [0x0000000004e2df80, 0x0000000004e2e870]
Event: 255.948 Thread 0x0000000018700800 17304       4       com.android.tools.r8.s.a.a.b.j2::a (242 bytes)
Event: 255.953 Thread 0x000000001870f000 17306       3       com.android.tools.r8.ir.regalloc.f::b (1053 bytes)
Event: 255.953 Thread 0x000000001870d000 nmethod 17292 0x00000000058db010 code [0x00000000058db6a0, 0x00000000058dd6e0]

GC Heap History (10 events):
Event: 218.992 GC heap before
{Heap before GC invocations=44 (full 4):
 PSYoungGen      total 454656K, used 419116K [0x00000000e0000000, 0x0000000100000000, 0x0000000100000000)
  eden space 410624K, 100% used [0x00000000e0000000,0x00000000f9100000,0x00000000f9100000)
  from space 44032K, 19% used [0x00000000f9100000,0x00000000f994b2d0,0x00000000fbc00000)
  to   space 42496K, 0% used [0x00000000fd680000,0x00000000fd680000,0x0000000100000000)
 ParOldGen       total 292352K, used 202337K [0x00000000a0000000, 0x00000000b1d80000, 0x00000000e0000000)
  object space 292352K, 69% used [0x00000000a0000000,0x00000000ac5986a8,0x00000000b1d80000)
 Metaspace       used 75843K, capacity 79182K, committed 81408K, reserved 1120256K
  class space    used 10143K, capacity 10909K, committed 11520K, reserved 1048576K
Event: 219.046 GC heap after
Heap after GC invocations=44 (full 4):
 PSYoungGen      total 474624K, used 10121K [0x00000000e0000000, 0x00000000ffa80000, 0x0000000100000000)
  eden space 437760K, 0% used [0x00000000e0000000,0x00000000e0000000,0x00000000fab80000)
  from space 36864K, 27% used [0x00000000fd680000,0x00000000fe0625d0,0x00000000ffa80000)
  to   space 40448K, 0% used [0x00000000fab80000,0x00000000fab80000,0x00000000fd300000)
 ParOldGen       total 292352K, used 205923K [0x00000000a0000000, 0x00000000b1d80000, 0x00000000e0000000)
  object space 292352K, 70% used [0x00000000a0000000,0x00000000ac918c18,0x00000000b1d80000)
 Metaspace       used 75843K, capacity 79182K, committed 81408K, reserved 1120256K
  class space    used 10143K, capacity 10909K, committed 11520K, reserved 1048576K
}
Event: 220.963 GC heap before
{Heap before GC invocations=45 (full 4):
 PSYoungGen      total 474624K, used 447881K [0x00000000e0000000, 0x00000000ffa80000, 0x0000000100000000)
  eden space 437760K, 100% used [0x00000000e0000000,0x00000000fab80000,0x00000000fab80000)
  from space 36864K, 27% used [0x00000000fd680000,0x00000000fe0625d0,0x00000000ffa80000)
  to   space 40448K, 0% used [0x00000000fab80000,0x00000000fab80000,0x00000000fd300000)
 ParOldGen       total 292352K, used 205923K [0x00000000a0000000, 0x00000000b1d80000, 0x00000000e0000000)
  object space 292352K, 70% used [0x00000000a0000000,0x00000000ac918c18,0x00000000b1d80000)
 Metaspace       used 75854K, capacity 79186K, committed 81408K, reserved 1120256K
  class space    used 10143K, capacity 10909K, committed 11520K, reserved 1048576K
Event: 221.337 GC heap after
Heap after GC invocations=45 (full 4):
 PSYoungGen      total 478208K, used 11851K [0x00000000e0000000, 0x00000000fff80000, 0x0000000100000000)
  eden space 437760K, 0% used [0x00000000e0000000,0x00000000e0000000,0x00000000fab80000)
  from space 40448K, 29% used [0x00000000fab80000,0x00000000fb712ff8,0x00000000fd300000)
  to   space 38400K, 0% used [0x00000000fda00000,0x00000000fda00000,0x00000000fff80000)
 ParOldGen       total 292352K, used 211584K [0x00000000a0000000, 0x00000000b1d80000, 0x00000000e0000000)
  object space 292352K, 72% used [0x00000000a0000000,0x00000000acea0268,0x00000000b1d80000)
 Metaspace       used 75854K, capacity 79186K, committed 81408K, reserved 1120256K
  class space    used 10143K, capacity 10909K, committed 11520K, reserved 1048576K
}
Event: 223.763 GC heap before
{Heap before GC invocations=46 (full 4):
 PSYoungGen      total 478208K, used 449611K [0x00000000e0000000, 0x00000000fff80000, 0x0000000100000000)
  eden space 437760K, 100% used [0x00000000e0000000,0x00000000fab80000,0x00000000fab80000)
  from space 40448K, 29% used [0x00000000fab80000,0x00000000fb712ff8,0x00000000fd300000)
  to   space 38400K, 0% used [0x00000000fda00000,0x00000000fda00000,0x00000000fff80000)
 ParOldGen       total 292352K, used 211584K [0x00000000a0000000, 0x00000000b1d80000, 0x00000000e0000000)
  object space 292352K, 72% used [0x00000000a0000000,0x00000000acea0268,0x00000000b1d80000)
 Metaspace       used 75865K, capacity 79186K, committed 81408K, reserved 1120256K
  class space    used 10143K, capacity 10909K, committed 11520K, reserved 1048576K
Event: 223.894 GC heap after
Heap after GC invocations=46 (full 4):
 PSYoungGen      total 479232K, used 9445K [0x00000000e0000000, 0x00000000ffb00000, 0x0000000100000000)
  eden space 445440K, 0% used [0x00000000e0000000,0x00000000e0000000,0x00000000fb300000)
  from space 33792K, 27% used [0x00000000fda00000,0x00000000fe339510,0x00000000ffb00000)
  to   space 36864K, 0% used [0x00000000fb300000,0x00000000fb300000,0x00000000fd700000)
 ParOldGen       total 292352K, used 217152K [0x00000000a0000000, 0x00000000b1d80000, 0x00000000e0000000)
  object space 292352K, 74% used [0x00000000a0000000,0x00000000ad4103a8,0x00000000b1d80000)
 Metaspace       used 75865K, capacity 79186K, committed 81408K, reserved 1120256K
  class space    used 10143K, capacity 10909K, committed 11520K, reserved 1048576K
}
Event: 227.463 GC heap before
{Heap before GC invocations=47 (full 4):
 PSYoungGen      total 479232K, used 454885K [0x00000000e0000000, 0x00000000ffb00000, 0x0000000100000000)
  eden space 445440K, 100% used [0x00000000e0000000,0x00000000fb300000,0x00000000fb300000)
  from space 33792K, 27% used [0x00000000fda00000,0x00000000fe339510,0x00000000ffb00000)
  to   space 36864K, 0% used [0x00000000fb300000,0x00000000fb300000,0x00000000fd700000)
 ParOldGen       total 292352K, used 217152K [0x00000000a0000000, 0x00000000b1d80000, 0x00000000e0000000)
  object space 292352K, 74% used [0x00000000a0000000,0x00000000ad4103a8,0x00000000b1d80000)
 Metaspace       used 75993K, capacity 79252K, committed 81408K, reserved 1120256K
  class space    used 10164K, capacity 10910K, committed 11520K, reserved 1048576K
Event: 227.568 GC heap after
Heap after GC invocations=47 (full 4):
 PSYoungGen      total 482304K, used 8999K [0x00000000e0000000, 0x0000000100000000, 0x0000000100000000)
  eden space 445440K, 0% used [0x00000000e0000000,0x00000000e0000000,0x00000000fb300000)
  from space 36864K, 24% used [0x00000000fb300000,0x00000000fbbc9c38,0x00000000fd700000)
  to   space 35328K, 0% used [0x00000000fdd80000,0x00000000fdd80000,0x0000000100000000)
 ParOldGen       total 292352K, used 220879K [0x00000000a0000000, 0x00000000b1d80000, 0x00000000e0000000)
  object space 292352K, 75% used [0x00000000a0000000,0x00000000ad7b3d28,0x00000000b1d80000)
 Metaspace       used 75993K, capacity 79252K, committed 81408K, reserved 1120256K
  class space    used 10164K, capacity 10910K, committed 11520K, reserved 1048576K
}
Event: 246.567 GC heap before
{Heap before GC invocations=48 (full 4):
 PSYoungGen      total 482304K, used 454439K [0x00000000e0000000, 0x0000000100000000, 0x0000000100000000)
  eden space 445440K, 100% used [0x00000000e0000000,0x00000000fb300000,0x00000000fb300000)
  from space 36864K, 24% used [0x00000000fb300000,0x00000000fbbc9c38,0x00000000fd700000)
  to   space 35328K, 0% used [0x00000000fdd80000,0x00000000fdd80000,0x0000000100000000)
 ParOldGen       total 292352K, used 220879K [0x00000000a0000000, 0x00000000b1d80000, 0x00000000e0000000)
  object space 292352K, 75% used [0x00000000a0000000,0x00000000ad7b3d28,0x00000000b1d80000)
 Metaspace       used 76198K, capacity 79602K, committed 81664K, reserved 1120256K
  class space    used 10196K, capacity 10959K, committed 11520K, reserved 1048576K
Event: 246.714 GC heap after
Heap after GC invocations=48 (full 4):
 PSYoungGen      total 482816K, used 10366K [0x00000000e0000000, 0x00000000ffb80000, 0x0000000100000000)
  eden space 452096K, 0% used [0x00000000e0000000,0x00000000e0000000,0x00000000fb980000)
  from space 30720K, 33% used [0x00000000fdd80000,0x00000000fe79fb50,0x00000000ffb80000)
  to   space 33792K, 0% used [0x00000000fb980000,0x00000000fb980000,0x00000000fda80000)
 ParOldGen       total 292352K, used 223153K [0x00000000a0000000, 0x00000000b1d80000, 0x00000000e0000000)
  object space 292352K, 76% used [0x00000000a0000000,0x00000000ad9ec738,0x00000000b1d80000)
 Metaspace       used 76198K, capacity 79602K, committed 81664K, reserved 1120256K
  class space    used 10196K, capacity 10959K, committed 11520K, reserved 1048576K
}

Deoptimization events (10 events):
Event: 253.026 Thread 0x000000001e4fe800 Uncommon trap: reason=unstable_if action=reinterpret pc=0x0000000005a452c0 method=com.android.tools.r8.ir.optimize.h.j(Lcom/android/tools/r8/u/b/T;)V @ 1283
Event: 253.202 Thread 0x000000001e501800 Uncommon trap: reason=null_check action=make_not_entrant pc=0x00000000058a81f0 method=java.util.concurrent.ConcurrentHashMap$TreeBin.<init>(Ljava/util/concurrent/ConcurrentHashMap$TreeNode;)V @ 26
Event: 253.372 Thread 0x000000001e501800 Uncommon trap: reason=unstable_if action=reinterpret pc=0x0000000004f330fc method=com.android.tools.r8.B.a.a.f.a(II[C)Ljava/lang/String; @ 59
Event: 253.556 Thread 0x000000001e501800 Uncommon trap: reason=unstable_if action=reinterpret pc=0x0000000005e21250 method=com.android.tools.r8.ir.optimize.h.a(Lcom/android/tools/r8/u/b/T;)V @ 215
Event: 254.183 Thread 0x000000001e4fa800 Uncommon trap: reason=class_check action=maybe_recompile pc=0x00000000051eccdc method=com.android.tools.r8.u.b.g1.a(Ljava/util/function/Predicate;)Lcom/android/tools/r8/u/b/g1; @ 38
Event: 254.607 Thread 0x000000001e500800 Uncommon trap: reason=bimorphic action=maybe_recompile pc=0x000000000607d268 method=com.android.tools.r8.u.a.h.e.a(Lcom/android/tools/r8/u/b/M0;)V @ 91
Event: 254.607 Thread 0x000000001e500800 Uncommon trap: reason=bimorphic action=maybe_recompile pc=0x000000000607d268 method=com.android.tools.r8.u.a.h.e.a(Lcom/android/tools/r8/u/b/M0;)V @ 91
Event: 254.607 Thread 0x000000001e500800 Uncommon trap: reason=bimorphic action=maybe_recompile pc=0x000000000607d268 method=com.android.tools.r8.u.a.h.e.a(Lcom/android/tools/r8/u/b/M0;)V @ 91
Event: 255.869 Thread 0x000000001e500800 Uncommon trap: reason=class_check action=maybe_recompile pc=0x00000000040e3a98 method=com.android.tools.r8.ir.optimize.h.a(Lcom/android/tools/r8/u/b/T;)V @ 275
Event: 255.929 Thread 0x000000001e500800 Uncommon trap: reason=unstable_if action=reinterpret pc=0x00000000054df4a0 method=com.android.tools.r8.ir.regalloc.e.a(Ljava/util/Set;Ljava/util/Map;)Z @ 107

Classes redefined (0 events):
No events

Internal exceptions (10 events):
Event: 255.545 Thread 0x000000001e4ff000 Exception <a 'sun/nio/fs/WindowsException'> (0x00000000f6ea9210) thrown at [D:\src\AOSP-openjdk-cygwin\jdk8u\hotspot\src\share\vm\prims\jni.cpp, line 710]
Event: 255.549 Thread 0x000000001e4fd800 Exception <a 'sun/nio/fs/WindowsException'> (0x00000000f643e040) thrown at [D:\src\AOSP-openjdk-cygwin\jdk8u\hotspot\src\share\vm\prims\jni.cpp, line 710]
Event: 255.684 Thread 0x000000001e4ff000 Exception <a 'sun/nio/fs/WindowsException'> (0x00000000f6eaf888) thrown at [D:\src\AOSP-openjdk-cygwin\jdk8u\hotspot\src\share\vm\prims\jni.cpp, line 710]
Event: 255.684 Thread 0x000000001e4fd800 Exception <a 'sun/nio/fs/WindowsException'> (0x00000000f6444600) thrown at [D:\src\AOSP-openjdk-cygwin\jdk8u\hotspot\src\share\vm\prims\jni.cpp, line 710]
Event: 255.768 Thread 0x000000001e4ff000 Exception <a 'sun/nio/fs/WindowsException'> (0x00000000f9b489d8) thrown at [D:\src\AOSP-openjdk-cygwin\jdk8u\hotspot\src\share\vm\prims\jni.cpp, line 710]
Event: 255.770 Thread 0x000000001e4fd800 Exception <a 'sun/nio/fs/WindowsException'> (0x00000000f644a5c0) thrown at [D:\src\AOSP-openjdk-cygwin\jdk8u\hotspot\src\share\vm\prims\jni.cpp, line 710]
Event: 255.886 Thread 0x000000001e4ff000 Exception <a 'sun/nio/fs/WindowsException'> (0x00000000f9b909b8) thrown at [D:\src\AOSP-openjdk-cygwin\jdk8u\hotspot\src\share\vm\prims\jni.cpp, line 710]
Event: 255.896 Thread 0x000000001e4fd800 Exception <a 'sun/nio/fs/WindowsException'> (0x00000000f6450108) thrown at [D:\src\AOSP-openjdk-cygwin\jdk8u\hotspot\src\share\vm\prims\jni.cpp, line 710]
Event: 255.899 Thread 0x000000001e4ff000 Exception <a 'sun/nio/fs/WindowsException'> (0x00000000fab4e580) thrown at [D:\src\AOSP-openjdk-cygwin\jdk8u\hotspot\src\share\vm\prims\jni.cpp, line 710]
Event: 255.903 Thread 0x000000001e4fd800 Exception <a 'sun/nio/fs/WindowsException'> (0x00000000f6457468) thrown at [D:\src\AOSP-openjdk-cygwin\jdk8u\hotspot\src\share\vm\prims\jni.cpp, line 710]

Events (10 events):
Event: 255.157 Thread 0x000000001e500800 DEOPT PACKING pc=0x00000000052099b4 sp=0x000000002ecbd2a0
Event: 255.162 Thread 0x000000001e500800 DEOPT UNPACKING pc=0x00000000030775d0 sp=0x000000002ecbd0f8 mode 0
Event: 255.286 Thread 0x000000001e500800 DEOPT PACKING pc=0x0000000004bcc12f sp=0x000000002ecbd370
Event: 255.309 Thread 0x000000001e500800 DEOPT UNPACKING pc=0x00000000030775d0 sp=0x000000002ecbd120 mode 0
Event: 255.869 Thread 0x000000001e500800 Uncommon trap: trap_request=0xffffffde fr.pc=0x00000000040e3a98
Event: 255.869 Thread 0x000000001e500800 DEOPT PACKING pc=0x00000000040e3a98 sp=0x000000002ecbd3b0
Event: 255.869 Thread 0x000000001e500800 DEOPT UNPACKING pc=0x000000000307557b sp=0x000000002ecbd388 mode 2
Event: 255.929 Thread 0x000000001e500800 Uncommon trap: trap_request=0xffffff65 fr.pc=0x00000000054df4a0
Event: 255.929 Thread 0x000000001e500800 DEOPT PACKING pc=0x00000000054df4a0 sp=0x000000002ecbcb90
Event: 255.929 Thread 0x000000001e500800 DEOPT UNPACKING pc=0x000000000307557b sp=0x000000002ecbcb58 mode 2


Dynamic libraries:
0x00007ff6caea0000 - 0x00007ff6caed1000 	C:\Program Files\Android\Android Studio\jre\bin\java.exe
0x00007fffda900000 - 0x00007fffdaaf0000 	C:\Windows\SYSTEM32\ntdll.dll
0x00007fffda230000 - 0x00007fffda2e2000 	C:\Windows\System32\KERNEL32.DLL
0x00007fffd83b0000 - 0x00007fffd8654000 	C:\Windows\System32\KERNELBASE.dll
0x00007fffd96a0000 - 0x00007fffd9743000 	C:\Windows\System32\ADVAPI32.dll
0x00007fffd9890000 - 0x00007fffd992e000 	C:\Windows\System32\msvcrt.dll
0x00007fffd9930000 - 0x00007fffd99c7000 	C:\Windows\System32\sechost.dll
0x00007fffd9750000 - 0x00007fffd9870000 	C:\Windows\System32\RPCRT4.dll
0x00007fffd9430000 - 0x00007fffd95c4000 	C:\Windows\System32\USER32.dll
0x00007fffd87c0000 - 0x00007fffd87e1000 	C:\Windows\System32\win32u.dll
0x00007fffd9e60000 - 0x00007fffd9e86000 	C:\Windows\System32\GDI32.dll
0x00007fffd7990000 - 0x00007fffd7b24000 	C:\Windows\System32\gdi32full.dll
0x00007fffd7890000 - 0x00007fffd792e000 	C:\Windows\System32\msvcp_win.dll
0x00007fffd7b30000 - 0x00007fffd7c2a000 	C:\Windows\System32\ucrtbase.dll
0x00007fffb4120000 - 0x00007fffb43a4000 	C:\Windows\WinSxS\amd64_microsoft.windows.common-controls_6595b64144ccf1df_6.0.18362.836_none_e6c4b943130f18ed\COMCTL32.dll
0x00007fffd9ef0000 - 0x00007fffda226000 	C:\Windows\System32\combase.dll
0x00007fffd8710000 - 0x00007fffd8790000 	C:\Windows\System32\bcryptPrimitives.dll
0x00007fffda890000 - 0x00007fffda8be000 	C:\Windows\System32\IMM32.DLL
0x00000000511f0000 - 0x00000000512c2000 	C:\Program Files\Android\Android Studio\jre\jre\bin\msvcr100.dll
0x00000000512d0000 - 0x0000000051b16000 	C:\Program Files\Android\Android Studio\jre\jre\bin\server\jvm.dll
0x00007fffd9420000 - 0x00007fffd9428000 	C:\Windows\System32\PSAPI.DLL
0x00007fffcf730000 - 0x00007fffcf73a000 	C:\Windows\SYSTEM32\VERSION.dll
0x00007fffd1ea0000 - 0x00007fffd1ec4000 	C:\Windows\SYSTEM32\WINMM.dll
0x00007fffc9f30000 - 0x00007fffc9f39000 	C:\Windows\SYSTEM32\WSOCK32.dll
0x00007fffd9d40000 - 0x00007fffd9daf000 	C:\Windows\System32\WS2_32.dll
0x00007fffd1e40000 - 0x00007fffd1e6d000 	C:\Windows\SYSTEM32\winmmbase.dll
0x00007fffd87f0000 - 0x00007fffd883a000 	C:\Windows\System32\cfgmgr32.dll
0x00007fffc4640000 - 0x00007fffc464f000 	C:\Program Files\Android\Android Studio\jre\jre\bin\verify.dll
0x00007fff9dd70000 - 0x00007fff9dd99000 	C:\Program Files\Android\Android Studio\jre\jre\bin\java.dll
0x00007fff9fa00000 - 0x00007fff9fa16000 	C:\Program Files\Android\Android Studio\jre\jre\bin\zip.dll
0x00007fffd8d30000 - 0x00007fffd9414000 	C:\Windows\System32\SHELL32.dll
0x00007fffd9db0000 - 0x00007fffd9e59000 	C:\Windows\System32\shcore.dll
0x00007fffd7c30000 - 0x00007fffd83ae000 	C:\Windows\System32\windows.storage.dll
0x00007fffd7860000 - 0x00007fffd7883000 	C:\Windows\System32\profapi.dll
0x00007fffd77f0000 - 0x00007fffd783a000 	C:\Windows\System32\powrprof.dll
0x00007fffd77c0000 - 0x00007fffd77d0000 	C:\Windows\System32\UMPDC.dll
0x00007fffda2f0000 - 0x00007fffda342000 	C:\Windows\System32\shlwapi.dll
0x00007fffd77d0000 - 0x00007fffd77e1000 	C:\Windows\System32\kernel.appcore.dll
0x00007fffd8990000 - 0x00007fffd89a7000 	C:\Windows\System32\cryptsp.dll
0x00007fff9c7e0000 - 0x00007fff9c7fa000 	C:\Program Files\Android\Android Studio\jre\jre\bin\net.dll
0x00007fffc3c50000 - 0x00007fffc3e26000 	C:\Windows\SYSTEM32\urlmon.dll
0x00007fffc3f50000 - 0x00007fffc41f6000 	C:\Windows\SYSTEM32\iertutil.dll
0x00007fffd7200000 - 0x00007fffd720c000 	C:\Windows\SYSTEM32\CRYPTBASE.DLL
0x00007fffd7030000 - 0x00007fffd7097000 	C:\Windows\system32\mswsock.dll
0x00007fff9c6f0000 - 0x00007fff9c703000 	C:\Program Files\Android\Android Studio\jre\jre\bin\nio.dll
0x00007fff92ed0000 - 0x00007fff92ef6000 	C:\Users\Rizve\.gradle\native\30\windows-amd64\native-platform.dll
0x00007fffc4270000 - 0x00007fffc427d000 	C:\Program Files\Android\Android Studio\jre\jre\bin\management.dll
0x00007fffd6ba0000 - 0x00007fffd6bd3000 	C:\Windows\system32\rsaenh.dll
0x00007fffd8790000 - 0x00007fffd87b6000 	C:\Windows\System32\bcrypt.dll
0x00007fffd76b0000 - 0x00007fffd76d5000 	C:\Windows\SYSTEM32\USERENV.dll
0x00007fffd6d40000 - 0x00007fffd6d7a000 	C:\Windows\SYSTEM32\IPHLPAPI.DLL
0x00007fffd89b0000 - 0x00007fffd89b8000 	C:\Windows\System32\NSI.dll
0x00007fffcf2f0000 - 0x00007fffcf306000 	C:\Windows\SYSTEM32\dhcpcsvc6.DLL
0x00007fffcf2d0000 - 0x00007fffcf2ec000 	C:\Windows\SYSTEM32\dhcpcsvc.DLL
0x00007fffd6dd0000 - 0x00007fffd6e9b000 	C:\Windows\SYSTEM32\DNSAPI.dll

VM Arguments:
jvm_args: -Xmx1536m -Dfile.encoding=windows-1252 -Duser.country=US -Duser.language=en -Duser.variant 
java_command: org.gradle.launcher.daemon.bootstrap.GradleDaemon 5.6.4
java_class_path (initial): C:\Users\Rizve\.gradle\wrapper\dists\gradle-5.6.4-all\ankdp27end7byghfw1q2sw75f\gradle-5.6.4\lib\gradle-launcher-5.6.4.jar
Launcher Type: SUN_STANDARD

Environment Variables:
PATH=C:\Program Files (x86)\Common Files\Oracle\Java\javapath;C:\Windows\system32;C:\Windows;C:\Windows\System32\Wbem;C:\Windows\System32\WindowsPowerShell\v1.0\;C:\Windows\System32\OpenSSH\;C:\Program Files (x86)\NVIDIA Corporation\PhysX\Common;C:\Program Files\NVIDIA Corporation\NVIDIA NvDLISR;C:\Program Files\Git\cmd;C:\Program Files (x86)\Intel\Intel(R) Management Engine Components\DAL;C:\Program Files\Intel\Intel(R) Management Engine Components\DAL;F:\Git LFS;C:\Program Files\Git LFS;C:\Program Files (x86)\Common Files\Oracle\Java\javapath;C:\Windows\system32;C:\Windows;C:\Windows\System32\Wbem;C:\Windows\System32\WindowsPowerShell\v1.0\;C:\Windows\System32\OpenSSH\;C:\Program Files (x86)\NVIDIA Corporation\PhysX\Common;C:\Program Files\NVIDIA Corporation\NVIDIA NvDLISR;C:\Program Files\Git\cmd;C:\Program Files (x86)\Intel\Intel(R) Management Engine Components\DAL;C:\Program Files\Intel\Intel(R) Management Engine Components\DAL;F:\Git LFS;C:\Program Files\Git LFS;C:\Users\Rizve\AppData\Local\Microsoft\WindowsApps;C:\Users\Rizve\adb
USERNAME=Rizve
OS=Windows_NT
PROCESSOR_IDENTIFIER=Intel64 Family 6 Model 158 Stepping 10, GenuineIntel



---------------  S Y S T E M  ---------------

OS: Windows 10.0 , 64 bit Build 18362 (10.0.18362.778)

CPU:total 12 (initial active 12) (6 cores per cpu, 2 threads per core) family 6 model 158 stepping 10, cmov, cx8, fxsr, mmx, sse, sse2, sse3, ssse3, sse4.1, sse4.2, popcnt, avx, avx2, aes, clmul, erms, 3dnowpref, lzcnt, ht, tsc, tscinvbit, bmi1, bmi2, adx

Memory: 4k page, physical 8229020k(134592k free), swap 21377944k(10756k free)

vm_info: OpenJDK 64-Bit Server VM (25.212-b04) for windows-amd64 JRE (1.8.0_212-release-1586-b04), built by "builder" with MS VC++ 10.0 (VS2010)

time: Tue May 26 19:54:16 2020
timezone: Bangladesh Standard Time
elapsed time: 256 seconds (0d 0h 4m 16s)

